ArmanAdsV2/build/intermediates/manifest_merge_blame_file/debug/manifest-merger-blame-debug-report.txt
1<?xml version="1.0" encoding="utf-8"?>
2<manifest xmlns:android="http://schemas.android.com/apk/res/android"
3    package="com.armandroid.armanads" >
4
5    <uses-sdk
6        android:minSdkVersion="21"
6-->src\main\AndroidManifest.xml
7        android:targetSdkVersion="30" />
7-->src\main\AndroidManifest.xml
8
9    <uses-permission android:name="android.permission.INTERNET" />
9-->src\main\AndroidManifest.xml:4:5-67
9-->src\main\AndroidManifest.xml:4:22-64
10    <uses-permission android:name="android.permission.ACCESS_NETWORK_STATE" />
10-->src\main\AndroidManifest.xml:5:5-79
10-->src\main\AndroidManifest.xml:5:22-76
11    <uses-permission android:name="com.google.android.gms.permission.AD_ID" />
11-->src\main\AndroidManifest.xml:6:5-78
11-->src\main\AndroidManifest.xml:6:22-76
12    <uses-permission android:name="android.permission.SYSTEM_ALERT_WINDOW" />
12-->src\main\AndroidManifest.xml:7:5-78
12-->src\main\AndroidManifest.xml:7:22-75
13
14    <application android:name="com.armandroid.armanads.MyApplication" >
14-->src\main\AndroidManifest.xml:8:5-39:19
14-->src\main\AndroidManifest.xml:9:9-61
15        <activity
15-->src\main\AndroidManifest.xml:12:9-15:50
16            android:name="com.ironsource.sdk.controller.ControllerActivity"
16-->src\main\AndroidManifest.xml:13:13-76
17            android:configChanges="orientation|screenSize"
17-->src\main\AndroidManifest.xml:14:13-59
18            android:hardwareAccelerated="true" />
18-->src\main\AndroidManifest.xml:15:13-47
19        <activity
19-->src\main\AndroidManifest.xml:16:9-20:64
20            android:name="com.ironsource.sdk.controller.InterstitialActivity"
20-->src\main\AndroidManifest.xml:17:13-78
21            android:configChanges="orientation|screenSize"
21-->src\main\AndroidManifest.xml:18:13-59
22            android:hardwareAccelerated="true"
22-->src\main\AndroidManifest.xml:19:13-47
23            android:theme="@android:style/Theme.Translucent" />
23-->src\main\AndroidManifest.xml:20:13-61
24        <activity
24-->src\main\AndroidManifest.xml:21:9-25:64
25            android:name="com.ironsource.sdk.controller.OpenUrlActivity"
25-->src\main\AndroidManifest.xml:22:13-73
26            android:configChanges="orientation|screenSize"
26-->src\main\AndroidManifest.xml:23:13-59
27            android:hardwareAccelerated="true"
27-->src\main\AndroidManifest.xml:24:13-47
28            android:theme="@android:style/Theme.Translucent" />
28-->src\main\AndroidManifest.xml:25:13-61
29
30        <provider
30-->src\main\AndroidManifest.xml:26:9-28:83
31            android:name="com.ironsource.lifecycle.IronsourceLifecycleProvider"
31-->src\main\AndroidManifest.xml:28:13-80
32            android:authorities="${applicationId}.IronsourceLifecycleProvider" />
32-->src\main\AndroidManifest.xml:27:13-79
33
34        <meta-data
34-->src\main\AndroidManifest.xml:30:9-32:69
35            android:name="com.google.android.gms.version"
35-->src\main\AndroidManifest.xml:31:13-58
36            android:value="@integer/google_play_services_version" />
36-->src\main\AndroidManifest.xml:32:13-66
37
38        <activity
38-->src\main\AndroidManifest.xml:34:9-36:125
39            android:name="com.google.android.gms.ads.AdActivity"
39-->src\main\AndroidManifest.xml:35:13-65
40            android:configChanges="keyboard|keyboardHidden|orientation|screenLayout|uiMode|screenSize|smallestScreenSize" />
40-->src\main\AndroidManifest.xml:36:13-122
41    </application>
42
43</manifest>